2254224201 1066050313 160239638
2225320252 1068513143 159150932
2227068635 1058885730 158049564
2244525687 1066813964 163089090
2228438294 1074106940 162924777
2263151450 1114491514 158048955
2287025803 1074441077 159628520
2384972200 1069950271 164037786
2244233935 1074393643 158530117
2251101520 1060675799 157601837
2254590466 1062991356 168967494
2392850658 1138985065 166094389
2445958555 1084141797 163994196
2314450779 1105153467 159373865
2253681233 1105955815 177582376
2315555245 1080845586 164211117
2293771103 1074257810 165503370
2265044201 1072063633 161885739
2278632531 1085087388 176782667
2270335739 1061312341 158739682
2239896640 1072407220 165406947
2239019741 1061274664 160643492
2290756736 1101636173 167698194
2286948529 1068512990 161403721
2263652919 1062128132 159013802
2263698421 1072391388 157599602
2290585284 1087557615 155726355
2275424313 1104959545 178850193
2267837420 1062904317 168122227
2274879659 1100243017 159320645
2283456209 1070124381 171032341
2253377202 1078980110 158070442
2251455656 1090263942 162380262
2263572480 1064524928 165868246
2257048245 1074639832 163207719
2268267271 1098879470 160561417
2269605984 1070142128 154143471
2268776022 1081859895 169296850
2264095224 1106074305 158630680
2273617886 1067589568 161893324
2258413936 1082314183 159365809
2291249683 1121153621 166142404
2305646346 1125263698 159715049
2391383156 1106372504 167147231
2287455678 1091693222 157118497
2287742260 1101956434 169608773
2272587491 1067105298 169828110
2288499939 1067851859 167341633
2257235721 1079191127 155768054
2301547267 1074925496 159215422
