914179 515539 2943429
896813 525933 3048497
935552 505976 2897072
929198 494299 3076498
846233 504843 2913038
907454 508081 3016745
885207 504455 3145994
870662 498818 3436736
882912 514910 2987263
899386 504560 3170174
879768 493444 2855831
907843 501419 2973409
952117 491330 2926953
928122 503856 3176607
951670 554004 2927007
929406 502678 3026380
904642 508068 3172130
921376 492838 3123876
919869 501535 3564316
928101 504225 3096755
933286 533425 2945510
878570 484650 2901076
907628 498422 3648989
916821 511377 3076387
932411 506620 3237280
914819 499746 2949949
946765 516537 3139333
817030 511719 2978947
879545 511877 2987981
924826 489052 3015504
882254 516533 3162586
1211840 497252 2961910
923437 508149 2887998
911134 517457 3069558
921359 490322 3120018
917267 498922 3356510
880120 505736 3328252
871986 562400 3104558
915587 494410 3229754
917502 518146 3562470
927948 518576 2936008
930451 508244 2899221
899928 500821 2888120
956576 493854 3541060
907385 505091 2827453
931218 496222 2971422
880268 491942 3075887
973579 514650 2998059
1452304 680973 2936078
958695 490338 2903282
