1166 73719 386709
1185 61489 365036
1223 61805 380182
1246 60277 386703
1218 61431 373969
1198 58099 364790
1278 72031 378009
1310 57060 368486
1202 54730 346770
1077 59183 362711
1200 87272 372549
1108 59929 357193
1235 53302 314112
1096 57289 391871
1246 58296 367151
1116 56004 393666
1223 63107 381905
1083 63792 366978
1095 80676 431582
1246 79751 375809
1107 68319 364798
1112 65445 377004
1100 62163 357758
1073 57978 357587
1094 64034 395551
1102 70899 731185
1730 96364 398607
1112 66010 363522
1136 57552 465512
1166 62737 485887
1145 60509 789862
1259 120519 622517
1221 57335 384363
1081 92514 616072
1244 70716 403522
1213 78867 375448
1068 54782 410336
1138 63332 377518
1094 64809 928778
1102 70050 356448
1083 58243 397199
1195 58535 362828
1112 63459 363480
1082 59596 394817
1082 56147 366365
1079 57488 395622
1082 60197 367723
1093 63898 369103
1072 59563 369103
1253 58037 377130
