92 81323 55333
53 61367 52445
61 51737 50568
42 55543 60244
36 45307 45271
28 57658 47499
29 52076 47944
62 59248 49362
29 52704 45358
29 56141 44692
30 56163 71127
53 55636 48754
30 52488 49317
30 53705 50002
29 61650 50317
37 50690 46333
29 51058 48817
28 110605 51159
50 51960 45392
36 60131 52717
30 83246 44454
29 40288 42673
36 52066 46363
28 51859 45081
28 49702 48514
29 50317 46312
36 49439 44503
29 49425 44234
29 49492 47847
28 51432 51502
48 50781 46572
29 50145 46765
29 54322 46086
29 50562 46248
37 52205 46023
30 50883 44873
28 55242 44456
28 50459 46561
35 51915 45474
29 53145 44885
29 54453 44470
29 50135 44373
36 49531 44742
29 50296 44555
29 53655 44465
29 52373 47897
36 57089 50624
27 51273 54625
28 52374 49336
36 52998 44681
