7733660 4192809 6341701
7595787 3923429 5917380
7735593 4013141 5990510
7587793 3981841 6151560
7674365 3998849 6255238
7840994 3850995 5972067
7590569 3945729 6207090
7563831 3921928 6705576
7489028 3949469 5636388
7780040 3955864 6057390
8258274 3928541 6327324
7943499 3841608 5919404
7900555 3870585 6055932
7659141 3950199 5946463
7579502 4385604 5837994
7631614 3874772 6025594
7607867 3917456 6046568
7782298 3989928 6495391
7883481 3870198 6603782
7758760 3864791 5924674
7315938 3913065 6205023
7718725 4000881 6221086
7703695 4021630 5936833
7912125 3894778 5904510
7935504 3891520 5971487
7656272 3872372 6179287
7671304 3893297 6013866
7750406 3895284 5929839
7805023 3873553 6006317
7857525 3943093 5781042
7768469 3853102 5853695
7787634 3979213 5867658
7615938 4109334 6013296
7621438 3949847 5935062
7700929 3899301 6021311
7560881 3965216 6305955
7707359 3958925 5840963
7715263 3927118 6123983
7662329 4009743 5894547
7802069 3883109 6043391
7914191 3879792 6061703
7599351 3943429 5741219
7413823 3867064 5727621
7572413 4195873 5993510
7593114 3899062 6035892
7660384 3951117 5899437
7828666 3937741 6197954
7693604 3929699 5940536
7662916 3860901 5960808
7580902 4053960 6426276
