7672 88895 740182
7645 61086 700504
7563 61111 677998
7553 60662 740177
7994 67230 725522
7549 63484 754784
7560 68399 753396
7560 65177 692726
7539 95559 903645
7637 97125 805581
7606 72828 772432
7571 61638 739722
7575 53945 874698
7637 73016 871847
7645 73800 859289
7672 73981 841885
7657 68106 818448
7702 63018 762179
7664 81150 780879
20316 80777 933289
7618 68874 860248
7667 81186 834477
7652 100781 961563
7761 76454 908703
7646 51825 839966
7523 74807 900958
7628 70800 902235
17448 62031 846973
7594 69299 903038
7634 49769 865431
7608 72471 791313
7547 69880 888571
7745 71001 799297
7545 69559 958084
7664 72518 816942
7561 63680 856574
7650 67609 779949
7567 69849 798394
7591 73698 815142
17927 63957 842234
7720 85945 872861
18320 82913 840064
7564 73611 860086
7589 63781 860220
7531 60920 837906
7607 60239 712920
7562 60186 744642
7553 60728 714817
7551 61299 735287
7544 60253 732623
