153 72253 108485
147 52934 90157
72 68023 98541
184 54915 89567
139 74725 160479
186 63385 117702
137 57416 105985
186 58842 73467
109 184524 128358
86 55079 82514
53 53114 83954
47 197711 181141
193 47602 143125
138 66022 97025
77 55606 73569
61 64082 94503
130 53656 105892
97 55725 86565
63 53351 83172
48 53745 87890
54 60226 75369
56 70784 99039
47 57002 86637
196 66812 97354
87 56458 94562
47 55381 85158
47 54252 82861
67 55813 82121
49 44378 82014
58 62989 128609
120 63931 90531
50 56792 85884
47 52431 83554
47 51784 80577
125 58322 87434
47 51195 80574
49 51631 69601
48 52491 92783
48 53525 104954
48 178035 110613
163 62105 101468
76 50999 88398
53 57348 85766
116 61701 101351
61 55766 84568
48 53506 84749
49 52971 88630
48 69383 94511
47 51237 81463
47 46273 81560
