64004091 32895387 13597874
62013100 32394326 15017339
62534839 32590925 12422112
62393346 32201532 13507411
64121235 32222886 13442576
62653010 31738888 12719074
62793612 31790777 14679363
63727046 32018172 13810086
64297470 32323189 13178129
63508778 31988442 14218680
62836781 32342767 12826640
62701283 32374552 15821138
62576034 32204232 13677283
62961237 31838326 14821932
63692945 31702230 14182298
62081389 32169019 15032291
63779502 32136167 12704004
63559026 32232653 13228053
61437742 32002103 12591521
61844065 32169008 13058533
64029758 32763529 14231508
63607869 31606765 14554403
63233627 31555154 13307939
62849649 31589399 14323359
61055274 31793215 15229703
62400967 32660332 14235808
72050671 32210343 13835672
63783406 31405575 12810386
63224723 31957442 12909749
62053540 31984144 13379436
62540929 31676709 14892532
64467951 31973975 15140748
63089183 33546850 12722848
63654604 32866985 14071858
62573970 33170175 14655459
63149766 32252082 13422550
62666285 31457341 13759751
61942345 32284764 14117450
63306992 31873465 14681990
62803357 31922878 14378255
64125490 31755487 16013236
63020440 32222569 14358207
63521448 32127337 12961180
62414112 31554547 12947787
63825343 31855631 13321652
63039492 32355407 14842015
62814885 32093579 14296877
63701360 32112057 14134576
62820082 32019658 13145847
63260518 32509653 12706416
