67040 116773 1520416
69836 102634 1450951
74941 94855 1532103
76155 117287 1567107
83378 106526 1536827
72837 95578 1430084
76123 111107 1464584
72256 95762 1456027
76347 93899 1605527
82799 87029 1415118
72969 96577 1464206
76034 94404 1449373
76150 107126 1606148
71540 99199 1704348
66321 102248 1698433
72376 97630 1594509
90767 115832 1551971
88195 95538 1675645
64401 105446 1580432
87551 108715 1834133
82780 104352 1540841
73973 104873 1582545
79817 101792 1581994
74467 114439 1529071
75881 99243 1488991
76213 104092 1816193
82899 102459 1472842
82806 128156 1535341
82761 95150 1487558
72696 97401 1499064
71688 101250 1458146
73621 103989 1504953
74951 98622 1644897
74417 113650 1540022
73739 103519 1608011
72637 114766 1574050
77179 98561 1822906
82822 98142 1442811
72761 99184 1501175
73092 101879 1476905
72498 91409 1504981
70975 96467 1472105
76129 102756 1490042
76403 96195 1506809
82942 110810 1487900
73028 104976 1569815
72125 97566 1552278
89068 103136 1532049
72890 137705 1586132
63285 97000 1541335
