286 74394 162213
263 56600 165131
195 58529 190728
333 61315 188911
403 63940 163713
336 82476 174959
229 59710 196027
367 74893 174253
274 61133 184432
224 58973 183635
256 56983 196807
305 69210 183459
339 59498 201555
274 58319 190559
239 54962 162561
219 57343 175468
217 54507 177808
229 53765 176467
180 55090 174593
199 58237 177715
182 55680 178899
199 54680 166155
182 53838 158571
185 56642 154167
179 56695 172649
278 59055 158601
264 130012 177203
245 61994 211544
279 78308 186903
209 46574 221308
222 60864 165422
213 57677 282775
261 69938 180464
180 55296 174613
178 54046 162691
181 55228 194102
363 99759 177753
213 57628 158439
219 57317 185078
182 58382 187906
223 58590 185984
207 56840 184148
177 57753 161611
184 57845 199290
308 58210 184373
209 56888 167732
177 75899 198749
403 54376 170691
242 56484 150314
188 54252 161986
